{"event":"login_failed","username":"d.entranchi@gmail.com","ip":"::1","timestamp":"2026-01-02T01:28:32+05:30"}
{"event":"login_failed","username":"superadmin","ip":"::1","timestamp":"2026-01-02T01:28:44+05:30"}
{"event":"login_success","username":"superadmin","ip":"::1","timestamp":"2026-01-02T01:28:55+05:30"}
{"at":"2026-01-02T01:28:55+05:30","event":"HOME_REDIRECT","userType":"superadmin","target":"/superadmin/dashboard.php","result":"redirect_from_public","timestamp":"2026-01-02T01:28:55+05:30"}
{"event":"password_reset","type":"superadmin","identifier":"superadmin","ip":"::1","timestamp":"2026-01-02T01:29:06+05:30"}
{"at":"2026-01-02T01:29:07+05:30","event":"HOME_REDIRECT","userType":"superadmin","target":"/superadmin/dashboard.php","result":"redirect_from_public","timestamp":"2026-01-02T01:29:07+05:30"}
{"at":"2026-01-02T01:29:15+05:30","event":"HOME_REDIRECT","userType":"superadmin","target":"/superadmin/dashboard.php","result":"redirect_from_public","timestamp":"2026-01-02T01:29:15+05:30"}
{"at":"2026-01-02T01:29:27+05:30","event":"HOME_REDIRECT","userType":"superadmin","target":"/superadmin/dashboard.php","result":"redirect_from_public","timestamp":"2026-01-02T01:29:27+05:30"}
{"at":"2026-01-02T01:29:34+05:30","event":"HOME_REDIRECT","userType":"superadmin","target":"/superadmin/dashboard.php","result":"redirect_from_public","timestamp":"2026-01-02T01:29:34+05:30"}
{"event":"login_success","username":"superadmin","ip":"::1","timestamp":"2026-01-02T01:30:39+05:30"}
{"at":"2026-01-02T01:30:39+05:30","event":"HOME_REDIRECT","userType":"superadmin","target":"/superadmin/dashboard.php","result":"ok","timestamp":"2026-01-02T01:30:39+05:30"}
{"at":"2026-01-02T01:30:39+05:30","event":"HOME_REDIRECT","userType":"superadmin","target":"/superadmin/dashboard.php","result":"redirect_from_public","timestamp":"2026-01-02T01:30:39+05:30"}
{"at":"2026-01-02T01:30:42+05:30","event":"HOME_REDIRECT","userType":"superadmin","target":"/superadmin/dashboard.php","result":"redirect_from_public","timestamp":"2026-01-02T01:30:42+05:30"}
{"at":"2026-01-02T01:30:43+05:30","event":"HOME_REDIRECT","userType":"superadmin","target":"/superadmin/dashboard.php","result":"redirect_from_public","timestamp":"2026-01-02T01:30:43+05:30"}
{"at":"2026-01-02T01:31:15+05:30","event":"HOME_REDIRECT","userType":"contractor","target":"/contractor/dashboard.php","result":"ok","timestamp":"2026-01-02T01:31:15+05:30"}
{"at":"2026-01-02T01:31:15+05:30","event":"HOME_REDIRECT","userType":"contractor","target":"/contractor/dashboard.php","result":"redirect_from_public","timestamp":"2026-01-02T01:31:15+05:30"}
{"at":"2026-01-02T01:31:23+05:30","event":"HOME_REDIRECT","userType":"contractor","target":"/contractor/dashboard.php","result":"redirect_from_public","timestamp":"2026-01-02T01:31:23+05:30"}
{"at":"2026-01-02T01:31:24+05:30","event":"HOME_REDIRECT","userType":"contractor","target":"/contractor/dashboard.php","result":"redirect_from_public","timestamp":"2026-01-02T01:31:24+05:30"}
{"at":"2026-01-02T01:32:14+05:30","event":"HOME_REDIRECT","userType":"contractor","target":"/contractor/dashboard.php","result":"redirect_from_public","timestamp":"2026-01-02T01:32:14+05:30"}
{"at":"2026-01-02T01:32:17+05:30","event":"HOME_REDIRECT","userType":"contractor","target":"/contractor/dashboard.php","result":"redirect_from_public","timestamp":"2026-01-02T01:32:17+05:30"}
{"at":"2026-01-02T01:32:17+05:30","event":"HOME_REDIRECT","userType":"contractor","target":"/contractor/dashboard.php","result":"redirect_from_public","timestamp":"2026-01-02T01:32:17+05:30"}
{"at":"2026-01-02T01:32:20+05:30","event":"HOME_REDIRECT","userType":"contractor","target":"/contractor/dashboard.php","result":"redirect_from_public","timestamp":"2026-01-02T01:32:20+05:30"}
{"at":"2026-01-02T01:32:21+05:30","event":"HOME_REDIRECT","userType":"contractor","target":"/contractor/dashboard.php","result":"redirect_from_public","timestamp":"2026-01-02T01:32:21+05:30"}
{"at":"2026-01-02T01:32:31+05:30","event":"HOME_REDIRECT","userType":"contractor","target":"/contractor/dashboard.php","result":"redirect_from_public","timestamp":"2026-01-02T01:32:31+05:30"}
{"at":"2026-01-02T01:32:33+05:30","event":"HOME_REDIRECT","userType":"contractor","target":"/contractor/dashboard.php","result":"redirect_from_public","timestamp":"2026-01-02T01:32:33+05:30"}
{"at":"2026-01-02T01:32:41+05:30","event":"HOME_REDIRECT","userType":"contractor","target":"/contractor/dashboard.php","result":"redirect_from_public","timestamp":"2026-01-02T01:32:41+05:30"}
{"at":"2026-01-02T01:32:44+05:30","event":"HOME_REDIRECT","userType":"contractor","target":"/contractor/dashboard.php","result":"redirect_from_public","timestamp":"2026-01-02T01:32:44+05:30"}
{"at":"2026-01-02T01:32:45+05:30","event":"HOME_REDIRECT","userType":"contractor","target":"/contractor/dashboard.php","result":"redirect_from_public","timestamp":"2026-01-02T01:32:45+05:30"}
{"at":"2026-01-02T01:32:50+05:30","event":"HOME_REDIRECT","userType":"contractor","target":"/contractor/dashboard.php","result":"redirect_from_public","timestamp":"2026-01-02T01:32:50+05:30"}
{"at":"2026-01-02T02:01:56+05:30","event":"HOME_REDIRECT","userType":"contractor","target":"/contractor/dashboard.php","result":"ok","timestamp":"2026-01-02T02:01:56+05:30"}
{"at":"2026-01-02T02:01:56+05:30","event":"HOME_REDIRECT","userType":"contractor","target":"/contractor/dashboard.php","result":"redirect_from_public","timestamp":"2026-01-02T02:01:56+05:30"}
{"at":"2026-01-02T02:02:00+05:30","event":"HOME_REDIRECT","userType":"contractor","target":"/contractor/dashboard.php","result":"redirect_from_public","timestamp":"2026-01-02T02:02:00+05:30"}
{"at":"2026-01-02T02:02:02+05:30","event":"HOME_REDIRECT","userType":"contractor","target":"/contractor/dashboard.php","result":"redirect_from_public","timestamp":"2026-01-02T02:02:02+05:30"}
